<?xml version="1.0" encoding="UTF-8"?>
<!-- Generated by org.testng.reporters.JUnitXMLReporter -->
<testsuite ignored="0" hostname="DESKTOP-E0GVRHK" failures="0" tests="4" name="Default test" time="0.148" errors="0" timestamp="2026-04-23T22:11:05 IST">
  <testcase classname="tests.VanvaasTest" name="testAISummary" time="0.03"/>
  <testcase classname="tests.VanvaasTest" name="testAddCamp" time="0.004"/>
  <testcase classname="tests.VanvaasTest" name="testReview" time="0.002"/>
  <testcase classname="tests.VanvaasTest" name="testSorting" time="0.002"/>
</testsuite> <!-- Default test -->
