<?xml version="1.0" encoding="UTF-8"?>
<!-- Generated by org.testng.reporters.JUnitReportReporter -->
<testsuite hostname="DESKTOP-E0GVRHK" failures="1" tests="5" name="tests.VanvaasTest" time="0.027" errors="0" timestamp="2026-04-26T05:21:36 IST" skipped="0">
  <testcase classname="tests.VanvaasTest" name="testAddCamp" time="0.002">
    <system-out>
      <![CDATA[testAddCamp passed: title=Desert Moon Camp, price=1999]]>
    </system-out>
  </testcase> <!-- testAddCamp -->
  <testcase classname="tests.VanvaasTest" name="testAISummary" time="0.013">
    <system-out>
      <![CDATA[testAISummary passed: length=35]]>
    </system-out>
  </testcase> <!-- testAISummary -->
  <testcase classname="tests.VanvaasTest" name="testInvalidRating" time="0.007">
    <failure message="Rating should not exceed 5 expected [true] but found [false]" type="java.lang.AssertionError">
      <![CDATA[java.lang.AssertionError: Rating should not exceed 5 expected [true] but found [false]
at org.testng.Assert.fail(Assert.java:111)
at org.testng.Assert.failNotEquals(Assert.java:1590)
at org.testng.Assert.assertTrue(Assert.java:57)
at tests.VanvaasTest.testInvalidRating(VanvaasTest.java:51)
at java.base/jdk.internal.reflect.DirectMethodHandleAccessor.invoke(DirectMethodHandleAccessor.java:103)
at java.base/java.lang.reflect.Method.invoke(Method.java:580)
at org.testng.internal.invokers.MethodInvocationHelper.invokeMethod(MethodInvocationHelper.java:141)
at org.testng.internal.invokers.TestInvoker.invokeMethod(TestInvoker.java:687)
at org.testng.internal.invokers.TestInvoker.invokeTestMethod(TestInvoker.java:230)
at org.testng.internal.invokers.MethodRunner.runInSequence(MethodRunner.java:63)
at org.testng.internal.invokers.TestInvoker$MethodInvocationAgent.invoke(TestInvoker.java:995)
at org.testng.internal.invokers.TestInvoker.invokeTestMethods(TestInvoker.java:203)
at org.testng.internal.invokers.TestMethodWorker.invokeTestMethods(TestMethodWorker.java:154)
at org.testng.internal.invokers.TestMethodWorker.run(TestMethodWorker.java:134)
at java.base/java.util.ArrayList.forEach(ArrayList.java:1596)
at org.testng.TestRunner.privateRun(TestRunner.java:741)
at org.testng.TestRunner.run(TestRunner.java:616)
at org.testng.SuiteRunner.runTest(SuiteRunner.java:421)
at org.testng.SuiteRunner.runSequentially(SuiteRunner.java:413)
at org.testng.SuiteRunner.privateRun(SuiteRunner.java:373)
at org.testng.SuiteRunner.run(SuiteRunner.java:312)
at org.testng.SuiteRunnerWorker.runSuite(SuiteRunnerWorker.java:52)
at org.testng.SuiteRunnerWorker.run(SuiteRunnerWorker.java:95)
at org.testng.TestNG.runSuitesSequentially(TestNG.java:1274)
at org.testng.TestNG.runSuitesLocally(TestNG.java:1208)
at org.testng.TestNG.runSuites(TestNG.java:1112)
at org.testng.TestNG.run(TestNG.java:1079)
at org.testng.remote.AbstractRemoteTestNG.run(AbstractRemoteTestNG.java:115)
at org.testng.remote.RemoteTestNG.initAndRun(RemoteTestNG.java:293)
at org.testng.remote.RemoteTestNG.main(RemoteTestNG.java:91)
]]>
    </failure>
    <system-out>
      <![CDATA[testInvalidRating: rating=7 expected to FAIL]]>
    </system-out>
  </testcase> <!-- testInvalidRating -->
  <testcase classname="tests.VanvaasTest" name="testSorting" time="0.003">
    <system-out>
      <![CDATA[testSorting passed: min price=1000]]>
    </system-out>
  </testcase> <!-- testSorting -->
  <testcase classname="tests.VanvaasTest" name="testReview" time="0.002">
    <system-out>
      <![CDATA[testReview passed: rating=5]]>
    </system-out>
  </testcase> <!-- testReview -->
  <system-out>
    <![CDATA[testAISummary passed: length=35
testAddCamp passed: title=Desert Moon Camp, price=1999
testInvalidRating: rating=7 expected to FAIL
testReview passed: rating=5
testSorting passed: min price=1000]]>
  </system-out>
</testsuite> <!-- tests.VanvaasTest -->
