<?xml version="1.0" encoding="UTF-8"?>
<testng-results ignored="0" total="4" passed="4" failed="0" skipped="0">
  <reporter-output>
  </reporter-output>
  <suite started-at="2026-04-23T22:11:05 IST" name="Default suite" finished-at="2026-04-23T22:11:05 IST" duration-ms="148">
    <groups>
    </groups>
    <test started-at="2026-04-23T22:11:05 IST" name="Default test" finished-at="2026-04-23T22:11:05 IST" duration-ms="148">
      <class name="tests.VanvaasTest">
        <test-method signature="testAISummary()[pri:0, instance:tests.VanvaasTest@3a93b025]" started-at="2026-04-23T22:11:05 IST" name="testAISummary" finished-at="2026-04-23T22:11:05 IST" duration-ms="30" status="PASS">
          <reporter-output>
          </reporter-output>
        </test-method> <!-- testAISummary -->
        <test-method signature="testAddCamp()[pri:0, instance:tests.VanvaasTest@3a93b025]" started-at="2026-04-23T22:11:05 IST" name="testAddCamp" finished-at="2026-04-23T22:11:05 IST" duration-ms="4" status="PASS">
          <reporter-output>
          </reporter-output>
        </test-method> <!-- testAddCamp -->
        <test-method signature="testReview()[pri:0, instance:tests.VanvaasTest@3a93b025]" started-at="2026-04-23T22:11:05 IST" name="testReview" finished-at="2026-04-23T22:11:05 IST" duration-ms="2" status="PASS">
          <reporter-output>
          </reporter-output>
        </test-method> <!-- testReview -->
        <test-method signature="testSorting()[pri:0, instance:tests.VanvaasTest@3a93b025]" started-at="2026-04-23T22:11:05 IST" name="testSorting" finished-at="2026-04-23T22:11:05 IST" duration-ms="2" status="PASS">
          <reporter-output>
          </reporter-output>
        </test-method> <!-- testSorting -->
      </class> <!-- tests.VanvaasTest -->
    </test> <!-- Default test -->
  </suite> <!-- Default suite -->
</testng-results>
